[1m============================= test session starts =============================[0m
platform win32 -- Python 3.12.10, pytest-9.0.2, pluggy-1.6.0 -- C:\Users\Dylan\AppData\Local\Programs\Python\Python312\python.exe
cachedir: .pytest_cache
Lumina Test Suite
Project Root: E:\Work\Code\Lumina
Python Backend: E:\Work\Code\Lumina\python_backend
rootdir: E:\Work\Code\Lumina\automation
configfile: pytest.ini
plugins: anyio-4.12.0, hydra-core-1.3.2, asyncio-1.3.0, cov-7.0.0
asyncio: mode=Mode.STRICT, debug=False, asyncio_default_fixture_loop_scope=None, asyncio_default_test_loop_scope=function
[1mcollecting ... [0mcollected 175 items

tests_pytest/memory/test_memory_leaks.py::test_service_container_no_leak [32mPASSED[0m[32m [  0%][0m
tests_pytest/memory/test_memory_leaks.py::test_memory_list_operations [32mPASSED[0m[32m [  1%][0m
tests_pytest/memory/test_memory_leaks.py::test_mock_object_cleanup [32mPASSED[0m[32m [  1%][0m
tests_pytest/memory/test_memory_leaks.py::test_async_context_manager_cleanup [32mPASSED[0m[32m [  2%][0m
tests_pytest/memory/test_memory_leaks.py::test_event_loop_cleanup [32mPASSED[0m[32m [  2%][0m
tests_pytest/memory/test_memory_leaks.py::test_circular_reference_cleanup [32mPASSED[0m[32m [  3%][0m
tests_pytest/memory/test_memory_leaks.py::test_large_object_disposal [32mPASSED[0m[32m [  4%][0m
tests_pytest/memory/test_memory_leaks.py::test_generator_memory_efficiency [32mPASSED[0m[32m [  4%][0m
tests_pytest/memory/test_memory_leaks.py::test_closure_memory_leaks [32mPASSED[0m[32m [  5%][0m
tests_pytest/memory/test_memory_leaks.py::test_with_profiling [32mPASSED[0m[32m     [  5%][0m
tests_pytest/performance/test_benchmarks.py::test_container_initialization_performance [31mERROR[0m[31m [  6%][0m
tests_pytest/performance/test_benchmarks.py::test_mock_llm_call_performance [31mERROR[0m[31m [  6%][0m
tests_pytest/performance/test_benchmarks.py::test_message_creation_performance [31mERROR[0m[31m [  7%][0m
tests_pytest/performance/test_benchmarks.py::test_container_init_is_fast [32mPASSED[0m[31m [  8%][0m
tests_pytest/performance/test_benchmarks.py::test_message_list_operations [32mPASSED[0m[31m [  8%][0m
tests_pytest/performance/test_benchmarks.py::test_async_mock_performance [32mPASSED[0m[31m [  9%][0m
tests_pytest/performance/test_benchmarks.py::test_memory_list_growth [32mPASSED[0m[31m [  9%][0m
tests_pytest/performance/test_benchmarks.py::test_concurrent_chat_requests [32mPASSED[0m[31m [ 10%][0m
tests_pytest/performance/test_benchmarks.py::test_thread_safety [31mFAILED[0m[31m   [ 10%][0m
tests_pytest/performance/test_benchmarks.py::test_message_history_scaling [32mPASSED[0m[31m [ 11%][0m
tests_pytest/performance/test_benchmarks.py::test_query_builder_performance [31mFAILED[0m[31m [ 12%][0m

=================================== ERRORS ====================================
[31m[1m_________ ERROR at setup of test_container_initialization_performance _________[0m
file E:\Work\Code\Lumina\automation\tests_pytest\performance\test_benchmarks.py, line 30
  @pytest.mark.benchmark(skipif=not BENCHMARK_AVAILABLE, reason="pytest-benchmark not installed")
  def test_container_initialization_performance(benchmark):
[31mE       fixture 'benchmark' not found[0m
[31m>       available fixtures: _class_scoped_runner, _function_scoped_runner, _module_scoped_runner, _package_scoped_runner, _session_scoped_runner, anyio_backend, anyio_backend_name, anyio_backend_options, async_http_client, cache, capfd, capfdbinary, caplog, capsys, capsysbinary, capteesys, cov, doctest_namespace, event_loop_policy, free_tcp_port, free_tcp_port_factory, free_udp_port, free_udp_port_factory, hydra_restore_singletons, hydra_sweep_runner, hydra_task_runner, mock_container, mock_llm_driver, mock_llm_manager, mock_soul_service, mock_surreal_driver, monkeypatch, no_cover, pytestconfig, record_property, record_testsuite_property, record_xml_attribute, recwarn, reset_container, reset_singletons, sample_memory_data, sample_message_history, sample_plugin_manifest, sample_user_input, service_urls, services, subtests, temp_db_path, temp_plugin_dir, tmp_path, tmp_path_factory, tmpdir, tmpdir_factory, unused_tcp_port, unused_tcp_port_factory, unused_udp_port, unused_udp_port_factory[0m
[31m>       use 'pytest --fixtures [testpath]' for help on them.[0m

E:\Work\Code\Lumina\automation\tests_pytest\performance\test_benchmarks.py:30
[31m[1m______________ ERROR at setup of test_mock_llm_call_performance _______________[0m
file E:\Work\Code\Lumina\automation\tests_pytest\performance\test_benchmarks.py, line 43
  @pytest.mark.benchmark(skipif=not BENCHMARK_AVAILABLE, reason="pytest-benchmark not installed")
  def test_mock_llm_call_performance(benchmark):
[31mE       fixture 'benchmark' not found[0m
[31m>       available fixtures: _class_scoped_runner, _function_scoped_runner, _module_scoped_runner, _package_scoped_runner, _session_scoped_runner, anyio_backend, anyio_backend_name, anyio_backend_options, async_http_client, cache, capfd, capfdbinary, caplog, capsys, capsysbinary, capteesys, cov, doctest_namespace, event_loop_policy, free_tcp_port, free_tcp_port_factory, free_udp_port, free_udp_port_factory, hydra_restore_singletons, hydra_sweep_runner, hydra_task_runner, mock_container, mock_llm_driver, mock_llm_manager, mock_soul_service, mock_surreal_driver, monkeypatch, no_cover, pytestconfig, record_property, record_testsuite_property, record_xml_attribute, recwarn, reset_container, reset_singletons, sample_memory_data, sample_message_history, sample_plugin_manifest, sample_user_input, service_urls, services, subtests, temp_db_path, temp_plugin_dir, tmp_path, tmp_path_factory, tmpdir, tmpdir_factory, unused_tcp_port, unused_tcp_port_factory, unused_udp_port, unused_udp_port_factory[0m
[31m>       use 'pytest --fixtures [testpath]' for help on them.[0m

E:\Work\Code\Lumina\automation\tests_pytest\performance\test_benchmarks.py:43
[31m[1m_____________ ERROR at setup of test_message_creation_performance _____________[0m
file E:\Work\Code\Lumina\automation\tests_pytest\performance\test_benchmarks.py, line 53
  @pytest.mark.benchmark(skipif=not BENCHMARK_AVAILABLE, reason="pytest-benchmark not installed")
  def test_message_creation_performance(benchmark):
[31mE       fixture 'benchmark' not found[0m
[31m>       available fixtures: _class_scoped_runner, _function_scoped_runner, _module_scoped_runner, _package_scoped_runner, _session_scoped_runner, anyio_backend, anyio_backend_name, anyio_backend_options, async_http_client, cache, capfd, capfdbinary, caplog, capsys, capsysbinary, capteesys, cov, doctest_namespace, event_loop_policy, free_tcp_port, free_tcp_port_factory, free_udp_port, free_udp_port_factory, hydra_restore_singletons, hydra_sweep_runner, hydra_task_runner, mock_container, mock_llm_driver, mock_llm_manager, mock_soul_service, mock_surreal_driver, monkeypatch, no_cover, pytestconfig, record_property, record_testsuite_property, record_xml_attribute, recwarn, reset_container, reset_singletons, sample_memory_data, sample_message_history, sample_plugin_manifest, sample_user_input, service_urls, services, subtests, temp_db_path, temp_plugin_dir, tmp_path, tmp_path_factory, tmpdir, tmpdir_factory, unused_tcp_port, unused_tcp_port_factory, unused_udp_port, unused_udp_port_factory[0m
[31m>       use 'pytest --fixtures [testpath]' for help on them.[0m

E:\Work\Code\Lumina\automation\tests_pytest\performance\test_benchmarks.py:53
================================== FAILURES ===================================
[31m[1m_____________________________ test_thread_safety ______________________________[0m
[1m[31mtests_pytest\performance\test_benchmarks.py[0m:201: in test_thread_safety
    [0m[94massert[39;49;00m [96mlen[39;49;00m(errors) == [94m0[39;49;00m, [33mf[39;49;00m[33m"[39;49;00m[33mThread safety issues: [39;49;00m[33m{[39;49;00merrors[33m}[39;49;00m[33m"[39;49;00m[90m[39;49;00m
[1m[31mE   AssertionError: Thread safety issues: [(0, ServiceNotInitializedError('Config not initialized.')), (1, ServiceNotInitializedError('Config not initialized.')), (2, ServiceNotInitializedError('Config not initialized.')), (3, ServiceNotInitializedError('Config not initialized.')), (4, ServiceNotInitializedError('Config not initialized.')), (5, ServiceNotInitializedError('Config not initialized.')), (6, ServiceNotInitializedError('Config not initialized.')), (7, ServiceNotInitializedError('Config not initialized.')), (8, ServiceNotInitializedError('Config not initialized.')), (9, ServiceNotInitializedError('Config not initialized.'))][0m
[1m[31mE   assert 10 == 0[0m
[1m[31mE    +  where 10 = len([(0, ServiceNotInitializedError('Config not initialized.')), (1, ServiceNotInitializedError('Config not initialized.')), (2, ServiceNotInitializedError('Config not initialized.')), (3, ServiceNotInitializedError('Config not initialized.')), (4, ServiceNotInitializedError('Config not initialized.')), (5, ServiceNotInitializedError('Config not initialized.')), (6, ServiceNotInitializedError('Config not initialized.')), (7, ServiceNotInitializedError('Config not initialized.')), (8, ServiceNotInitializedError('Config not initialized.')), (9, ServiceNotInitializedError('Config not initialized.'))])[0m
[31m[1m_______________________ test_query_builder_performance ________________________[0m
[1m[31mtests_pytest\performance\test_benchmarks.py[0m:253: in test_query_builder_performance
    [0mbuilder.select([33m"[39;49;00m[33mmemories[39;49;00m[33m"[39;49;00m).where([33m"[39;49;00m[33mimportance > 0.5[39;49;00m[33m"[39;49;00m).limit([94m10[39;49;00m).build()[90m[39;49;00m
    ^^^^^^^^^^^^^^^^^^^^^^^^^^^^^^^^[90m[39;49;00m
[1m[31mE   AttributeError: 'tuple' object has no attribute 'where'[0m
[36m[1m=========================== short test summary info ===========================[0m
[31mFAILED[0m tests_pytest/performance/test_benchmarks.py::[1mtest_thread_safety[0m - AssertionError: Thread safety issues: [(0, ServiceNotInitializedError('Config not initialized.')), (1, ServiceNotInitializedError('Config not initialized.')), (2, ServiceNotInitializedError('Config not initialized.')), (3, ServiceNotInitializedError('Config not initialized.')), (4, ServiceNotInitializedError('Config not initialized.')), (5, ServiceNotInitializedError('Config not initialized.')), (6, ServiceNotInitializedError('Config not initialized.')), (7, ServiceNotInitializedError('Config not initialized.')), (8, ServiceNotInitializedError('Config not initialized.')), (9, ServiceNotInitializedError('Config not initialized.'))]
assert 10 == 0
 +  where 10 = len([(0, ServiceNotInitializedError('Config not initialized.')), (1, ServiceNotInitializedError('Config not initialized.')), (2, ServiceNotInitializedError('Config not initialized.')), (3, ServiceNotInitializedError('Config not initialized.')), (4, ServiceNotInitializedError('Config not initialized.')), (5, ServiceNotInitializedError('Config not initialized.')), (6, ServiceNotInitializedError('Config not initialized.')), (7, ServiceNotInitializedError('Config not initialized.')), (8, ServiceNotInitializedError('Config not initialized.')), (9, ServiceNotInitializedError('Config not initialized.'))])
[31mFAILED[0m tests_pytest/performance/test_benchmarks.py::[1mtest_query_builder_performance[0m - AttributeError: 'tuple' object has no attribute 'where'
[31mERROR[0m tests_pytest/performance/test_benchmarks.py::[1mtest_container_initialization_performance[0m
[31mERROR[0m tests_pytest/performance/test_benchmarks.py::[1mtest_mock_llm_call_performance[0m
[31mERROR[0m tests_pytest/performance/test_benchmarks.py::[1mtest_message_creation_performance[0m
[31m!!!!!!!!!!!!!!!!!!!!!!!!!! stopping after 5 failures !!!!!!!!!!!!!!!!!!!!!!!!!![0m
[31m=================== [31m[1m2 failed[0m, [32m16 passed[0m, [31m[1m3 errors[0m[31m in 10.00s[0m[31m ===================[0m
